{"/Users/wanpeng/Documents/vue-apps/rollup-ui-lib/src/components/button/button.vue": {"path":"/Users/wanpeng/Documents/vue-apps/rollup-ui-lib/src/components/button/button.vue","all":false,"statementMap":{"7":{"start":{"line":8,"column":0},"end":{"line":8,"column":16}},"8":{"start":{"line":9,"column":0},"end":{"line":9,"column":19}},"9":{"start":{"line":10,"column":0},"end":{"line":10,"column":10}},"10":{"start":{"line":11,"column":0},"end":{"line":11,"column":16}},"11":{"start":{"line":12,"column":0},"end":{"line":12,"column":4}},"12":{"start":{"line":13,"column":0},"end":{"line":13,"column":12}},"13":{"start":{"line":14,"column":0},"end":{"line":14,"column":15}},"14":{"start":{"line":15,"column":0},"end":{"line":15,"column":25}},"15":{"start":{"line":16,"column":0},"end":{"line":16,"column":5}},"16":{"start":{"line":17,"column":0},"end":{"line":17,"column":4}},"17":{"start":{"line":18,"column":0},"end":{"line":18,"column":13}},"18":{"start":{"line":19,"column":0},"end":{"line":19,"column":19}},"19":{"start":{"line":20,"column":0},"end":{"line":20,"column":20}},"20":{"start":{"line":21,"column":0},"end":{"line":21,"column":20}},"21":{"start":{"line":22,"column":0},"end":{"line":22,"column":25}},"22":{"start":{"line":23,"column":0},"end":{"line":23,"column":36}},"23":{"start":{"line":24,"column":0},"end":{"line":24,"column":3}},"24":{"start":{"line":25,"column":0},"end":{"line":25,"column":1}}},"s":{"7":1,"8":1,"9":1,"10":1,"11":1,"12":1,"13":1,"14":1,"15":1,"16":1,"17":2,"18":2,"19":2,"20":2,"21":2,"22":2,"23":2,"24":1},"branchMap":{"0":{"type":"branch","line":14,"loc":{"start":{"line":14,"column":0},"end":{"line":16,"column":5}},"locations":[{"start":{"line":14,"column":0},"end":{"line":16,"column":5}}]},"1":{"type":"branch","line":18,"loc":{"start":{"line":18,"column":0},"end":{"line":24,"column":3}},"locations":[{"start":{"line":18,"column":0},"end":{"line":24,"column":3}}]}},"b":{"0":[1],"1":[2]},"fnMap":{"0":{"name":"onClick","decl":{"start":{"line":14,"column":0},"end":{"line":16,"column":5}},"loc":{"start":{"line":14,"column":0},"end":{"line":16,"column":5}},"line":14},"1":{"name":"mounted","decl":{"start":{"line":18,"column":0},"end":{"line":24,"column":3}},"loc":{"start":{"line":18,"column":0},"end":{"line":24,"column":3}},"line":18}},"f":{"0":1,"1":2}}
,"/Users/wanpeng/Documents/vue-apps/rollup-ui-lib/src/components/table/table.vue": {"path":"/Users/wanpeng/Documents/vue-apps/rollup-ui-lib/src/components/table/table.vue","all":true,"statementMap":{"9":{"start":{"line":10,"column":0},"end":{"line":10,"column":16}},"10":{"start":{"line":11,"column":0},"end":{"line":11,"column":18}},"11":{"start":{"line":12,"column":0},"end":{"line":12,"column":1}}},"s":{"9":0,"10":0,"11":0},"branchMap":{"0":{"type":"branch","line":1,"loc":{"start":{"line":1,"column":250},"end":{"line":20,"column":8}},"locations":[{"start":{"line":1,"column":250},"end":{"line":20,"column":8}}]}},"b":{"0":[1]},"fnMap":{"0":{"name":"(empty-report)","decl":{"start":{"line":1,"column":250},"end":{"line":20,"column":8}},"loc":{"start":{"line":1,"column":250},"end":{"line":20,"column":8}},"line":1}},"f":{"0":1}}
}
